<?xml version="1.0" encoding="UTF-8"?>
<testng-results ignored="0" total="18" passed="18" failed="0" skipped="0">
  <reporter-output>
  </reporter-output>
  <suite started-at="2024-06-09T12:26:12 EDT" name="Default suite" finished-at="2024-06-09T12:28:02 EDT" duration-ms="109591">
    <groups>
      <group name="cucumber">
        <method signature="AbstractTestNGCucumberTests.runScenario(io.cucumber.testng.PickleWrapper,io.cucumber.testng.FeatureWrapper)[pri:0, instance:com.tutorialsninja.qa.Runner.Runner_TestNG@3eb25e1a]" name="runScenario" class="io.cucumber.testng.AbstractTestNGCucumberTests"/>
      </group> <!-- cucumber -->
    </groups>
    <test started-at="2024-06-09T12:26:12 EDT" name="Default test" finished-at="2024-06-09T12:28:02 EDT" duration-ms="109591">
      <class name="com.tutorialsninja.qa.Runner.Runner_TestNG">
        <test-method is-config="true" signature="setUpClass(org.testng.ITestContext)[pri:0, instance:com.tutorialsninja.qa.Runner.Runner_TestNG@3eb25e1a]" started-at="2024-06-09T12:26:12 EDT" name="setUpClass" finished-at="2024-06-09T12:26:13 EDT" duration-ms="1029" status="PASS">
          <params>
            <param index="0">
              <value>
                <![CDATA[org.testng.TestRunner@7ffcb232]]>
              </value>
            </param>
          </params>
          <reporter-output>
          </reporter-output>
        </test-method> <!-- setUpClass -->
        <test-method signature="runScenario(io.cucumber.testng.PickleWrapper,io.cucumber.testng.FeatureWrapper)[pri:0, instance:com.tutorialsninja.qa.Runner.Runner_TestNG@3eb25e1a]" started-at="2024-06-09T12:26:14 EDT" name="runScenario" description="Runs Cucumber Scenarios" data-provider="scenarios" finished-at="2024-06-09T12:26:21 EDT" duration-ms="7386" status="PASS">
          <params>
            <param index="0">
              <value>
                <![CDATA["Login With Valid Credentials"]]>
              </value>
            </param>
            <param index="1">
              <value>
                <![CDATA["Login Functionality of TutorialsNinja"]]>
              </value>
            </param>
          </params>
          <reporter-output>
          </reporter-output>
        </test-method> <!-- runScenario -->
        <test-method signature="runScenario(io.cucumber.testng.PickleWrapper,io.cucumber.testng.FeatureWrapper)[pri:0, instance:com.tutorialsninja.qa.Runner.Runner_TestNG@3eb25e1a]" started-at="2024-06-09T12:26:21 EDT" name="runScenario" description="Runs Cucumber Scenarios" data-provider="scenarios" finished-at="2024-06-09T12:26:27 EDT" duration-ms="5904" status="PASS">
          <params>
            <param index="0">
              <value>
                <![CDATA["Login With Valid Credentials"]]>
              </value>
            </param>
            <param index="1">
              <value>
                <![CDATA["Login Functionality of TutorialsNinja"]]>
              </value>
            </param>
          </params>
          <reporter-output>
          </reporter-output>
        </test-method> <!-- runScenario -->
        <test-method signature="runScenario(io.cucumber.testng.PickleWrapper,io.cucumber.testng.FeatureWrapper)[pri:0, instance:com.tutorialsninja.qa.Runner.Runner_TestNG@3eb25e1a]" started-at="2024-06-09T12:26:27 EDT" name="runScenario" description="Runs Cucumber Scenarios" data-provider="scenarios" finished-at="2024-06-09T12:26:33 EDT" duration-ms="6099" status="PASS">
          <params>
            <param index="0">
              <value>
                <![CDATA["Login With Valid Credentials"]]>
              </value>
            </param>
            <param index="1">
              <value>
                <![CDATA["Login Functionality of TutorialsNinja"]]>
              </value>
            </param>
          </params>
          <reporter-output>
          </reporter-output>
        </test-method> <!-- runScenario -->
        <test-method signature="runScenario(io.cucumber.testng.PickleWrapper,io.cucumber.testng.FeatureWrapper)[pri:0, instance:com.tutorialsninja.qa.Runner.Runner_TestNG@3eb25e1a]" started-at="2024-06-09T12:26:33 EDT" name="runScenario" description="Runs Cucumber Scenarios" data-provider="scenarios" finished-at="2024-06-09T12:26:39 EDT" duration-ms="6217" status="PASS">
          <params>
            <param index="0">
              <value>
                <![CDATA["Login With Valid Credentials"]]>
              </value>
            </param>
            <param index="1">
              <value>
                <![CDATA["Login Functionality of TutorialsNinja"]]>
              </value>
            </param>
          </params>
          <reporter-output>
          </reporter-output>
        </test-method> <!-- runScenario -->
        <test-method signature="runScenario(io.cucumber.testng.PickleWrapper,io.cucumber.testng.FeatureWrapper)[pri:0, instance:com.tutorialsninja.qa.Runner.Runner_TestNG@3eb25e1a]" started-at="2024-06-09T12:26:39 EDT" name="runScenario" description="Runs Cucumber Scenarios" data-provider="scenarios" finished-at="2024-06-09T12:26:45 EDT" duration-ms="6291" status="PASS">
          <params>
            <param index="0">
              <value>
                <![CDATA["Login With Valid Credentials"]]>
              </value>
            </param>
            <param index="1">
              <value>
                <![CDATA["Login Functionality of TutorialsNinja"]]>
              </value>
            </param>
          </params>
          <reporter-output>
          </reporter-output>
        </test-method> <!-- runScenario -->
        <test-method signature="runScenario(io.cucumber.testng.PickleWrapper,io.cucumber.testng.FeatureWrapper)[pri:0, instance:com.tutorialsninja.qa.Runner.Runner_TestNG@3eb25e1a]" started-at="2024-06-09T12:26:45 EDT" name="runScenario" description="Runs Cucumber Scenarios" data-provider="scenarios" finished-at="2024-06-09T12:26:52 EDT" duration-ms="6170" status="PASS">
          <params>
            <param index="0">
              <value>
                <![CDATA["Login With Valid Credentials"]]>
              </value>
            </param>
            <param index="1">
              <value>
                <![CDATA["Login Functionality of TutorialsNinja"]]>
              </value>
            </param>
          </params>
          <reporter-output>
          </reporter-output>
        </test-method> <!-- runScenario -->
        <test-method signature="runScenario(io.cucumber.testng.PickleWrapper,io.cucumber.testng.FeatureWrapper)[pri:0, instance:com.tutorialsninja.qa.Runner.Runner_TestNG@3eb25e1a]" started-at="2024-06-09T12:26:52 EDT" name="runScenario" description="Runs Cucumber Scenarios" data-provider="scenarios" finished-at="2024-06-09T12:26:58 EDT" duration-ms="6010" status="PASS">
          <params>
            <param index="0">
              <value>
                <![CDATA["Login With Valid Credentials"]]>
              </value>
            </param>
            <param index="1">
              <value>
                <![CDATA["Login Functionality of TutorialsNinja"]]>
              </value>
            </param>
          </params>
          <reporter-output>
          </reporter-output>
        </test-method> <!-- runScenario -->
        <test-method signature="runScenario(io.cucumber.testng.PickleWrapper,io.cucumber.testng.FeatureWrapper)[pri:0, instance:com.tutorialsninja.qa.Runner.Runner_TestNG@3eb25e1a]" started-at="2024-06-09T12:26:58 EDT" name="runScenario" description="Runs Cucumber Scenarios" data-provider="scenarios" finished-at="2024-06-09T12:27:03 EDT" duration-ms="5758" status="PASS">
          <params>
            <param index="0">
              <value>
                <![CDATA["Login With Invalid Credentials"]]>
              </value>
            </param>
            <param index="1">
              <value>
                <![CDATA["Login Functionality of TutorialsNinja"]]>
              </value>
            </param>
          </params>
          <reporter-output>
          </reporter-output>
        </test-method> <!-- runScenario -->
        <test-method signature="runScenario(io.cucumber.testng.PickleWrapper,io.cucumber.testng.FeatureWrapper)[pri:0, instance:com.tutorialsninja.qa.Runner.Runner_TestNG@3eb25e1a]" started-at="2024-06-09T12:27:03 EDT" name="runScenario" description="Runs Cucumber Scenarios" data-provider="scenarios" finished-at="2024-06-09T12:27:09 EDT" duration-ms="5775" status="PASS">
          <params>
            <param index="0">
              <value>
                <![CDATA["Login With Valid Email Invalid Password"]]>
              </value>
            </param>
            <param index="1">
              <value>
                <![CDATA["Login Functionality of TutorialsNinja"]]>
              </value>
            </param>
          </params>
          <reporter-output>
          </reporter-output>
        </test-method> <!-- runScenario -->
        <test-method signature="runScenario(io.cucumber.testng.PickleWrapper,io.cucumber.testng.FeatureWrapper)[pri:0, instance:com.tutorialsninja.qa.Runner.Runner_TestNG@3eb25e1a]" started-at="2024-06-09T12:27:09 EDT" name="runScenario" description="Runs Cucumber Scenarios" data-provider="scenarios" finished-at="2024-06-09T12:27:15 EDT" duration-ms="6284" status="PASS">
          <params>
            <param index="0">
              <value>
                <![CDATA["Login With invalid Email Valid Password"]]>
              </value>
            </param>
            <param index="1">
              <value>
                <![CDATA["Login Functionality of TutorialsNinja"]]>
              </value>
            </param>
          </params>
          <reporter-output>
          </reporter-output>
        </test-method> <!-- runScenario -->
        <test-method signature="runScenario(io.cucumber.testng.PickleWrapper,io.cucumber.testng.FeatureWrapper)[pri:0, instance:com.tutorialsninja.qa.Runner.Runner_TestNG@3eb25e1a]" started-at="2024-06-09T12:27:15 EDT" name="runScenario" description="Runs Cucumber Scenarios" data-provider="scenarios" finished-at="2024-06-09T12:27:21 EDT" duration-ms="5232" status="PASS">
          <params>
            <param index="0">
              <value>
                <![CDATA["Login Without credentials"]]>
              </value>
            </param>
            <param index="1">
              <value>
                <![CDATA["Login Functionality of TutorialsNinja"]]>
              </value>
            </param>
          </params>
          <reporter-output>
          </reporter-output>
        </test-method> <!-- runScenario -->
        <test-method signature="runScenario(io.cucumber.testng.PickleWrapper,io.cucumber.testng.FeatureWrapper)[pri:0, instance:com.tutorialsninja.qa.Runner.Runner_TestNG@3eb25e1a]" started-at="2024-06-09T12:27:21 EDT" name="runScenario" description="Runs Cucumber Scenarios" data-provider="scenarios" finished-at="2024-06-09T12:27:28 EDT" duration-ms="7086" status="PASS">
          <params>
            <param index="0">
              <value>
                <![CDATA["Register With Mandatory Fields"]]>
              </value>
            </param>
            <param index="1">
              <value>
                <![CDATA["Register Functionality of TutorialsNinja"]]>
              </value>
            </param>
          </params>
          <reporter-output>
          </reporter-output>
        </test-method> <!-- runScenario -->
        <test-method signature="runScenario(io.cucumber.testng.PickleWrapper,io.cucumber.testng.FeatureWrapper)[pri:0, instance:com.tutorialsninja.qa.Runner.Runner_TestNG@3eb25e1a]" started-at="2024-06-09T12:27:28 EDT" name="runScenario" description="Runs Cucumber Scenarios" data-provider="scenarios" finished-at="2024-06-09T12:27:35 EDT" duration-ms="7228" status="PASS">
          <params>
            <param index="0">
              <value>
                <![CDATA["Register With All Fields"]]>
              </value>
            </param>
            <param index="1">
              <value>
                <![CDATA["Register Functionality of TutorialsNinja"]]>
              </value>
            </param>
          </params>
          <reporter-output>
          </reporter-output>
        </test-method> <!-- runScenario -->
        <test-method signature="runScenario(io.cucumber.testng.PickleWrapper,io.cucumber.testng.FeatureWrapper)[pri:0, instance:com.tutorialsninja.qa.Runner.Runner_TestNG@3eb25e1a]" started-at="2024-06-09T12:27:35 EDT" name="runScenario" description="Runs Cucumber Scenarios" data-provider="scenarios" finished-at="2024-06-09T12:27:42 EDT" duration-ms="7514" status="PASS">
          <params>
            <param index="0">
              <value>
                <![CDATA["Register With Existing Email"]]>
              </value>
            </param>
            <param index="1">
              <value>
                <![CDATA["Register Functionality of TutorialsNinja"]]>
              </value>
            </param>
          </params>
          <reporter-output>
          </reporter-output>
        </test-method> <!-- runScenario -->
        <test-method signature="runScenario(io.cucumber.testng.PickleWrapper,io.cucumber.testng.FeatureWrapper)[pri:0, instance:com.tutorialsninja.qa.Runner.Runner_TestNG@3eb25e1a]" started-at="2024-06-09T12:27:42 EDT" name="runScenario" description="Runs Cucumber Scenarios" data-provider="scenarios" finished-at="2024-06-09T12:27:48 EDT" duration-ms="5834" status="PASS">
          <params>
            <param index="0">
              <value>
                <![CDATA["Register With No Fields"]]>
              </value>
            </param>
            <param index="1">
              <value>
                <![CDATA["Register Functionality of TutorialsNinja"]]>
              </value>
            </param>
          </params>
          <reporter-output>
          </reporter-output>
        </test-method> <!-- runScenario -->
        <test-method signature="runScenario(io.cucumber.testng.PickleWrapper,io.cucumber.testng.FeatureWrapper)[pri:0, instance:com.tutorialsninja.qa.Runner.Runner_TestNG@3eb25e1a]" started-at="2024-06-09T12:27:48 EDT" name="runScenario" description="Runs Cucumber Scenarios" data-provider="scenarios" finished-at="2024-06-09T12:27:53 EDT" duration-ms="4533" status="PASS">
          <params>
            <param index="0">
              <value>
                <![CDATA["Search with valid product"]]>
              </value>
            </param>
            <param index="1">
              <value>
                <![CDATA["Search Product Functionality of TutorialsNinja"]]>
              </value>
            </param>
          </params>
          <reporter-output>
          </reporter-output>
        </test-method> <!-- runScenario -->
        <test-method signature="runScenario(io.cucumber.testng.PickleWrapper,io.cucumber.testng.FeatureWrapper)[pri:0, instance:com.tutorialsninja.qa.Runner.Runner_TestNG@3eb25e1a]" started-at="2024-06-09T12:27:53 EDT" name="runScenario" description="Runs Cucumber Scenarios" data-provider="scenarios" finished-at="2024-06-09T12:27:58 EDT" duration-ms="4716" status="PASS">
          <params>
            <param index="0">
              <value>
                <![CDATA["Search with invalid product"]]>
              </value>
            </param>
            <param index="1">
              <value>
                <![CDATA["Search Product Functionality of TutorialsNinja"]]>
              </value>
            </param>
          </params>
          <reporter-output>
          </reporter-output>
        </test-method> <!-- runScenario -->
        <test-method signature="runScenario(io.cucumber.testng.PickleWrapper,io.cucumber.testng.FeatureWrapper)[pri:0, instance:com.tutorialsninja.qa.Runner.Runner_TestNG@3eb25e1a]" started-at="2024-06-09T12:27:58 EDT" name="runScenario" description="Runs Cucumber Scenarios" data-provider="scenarios" finished-at="2024-06-09T12:28:02 EDT" duration-ms="4270" status="PASS">
          <params>
            <param index="0">
              <value>
                <![CDATA["Search with no product"]]>
              </value>
            </param>
            <param index="1">
              <value>
                <![CDATA["Search Product Functionality of TutorialsNinja"]]>
              </value>
            </param>
          </params>
          <reporter-output>
          </reporter-output>
        </test-method> <!-- runScenario -->
        <test-method is-config="true" signature="tearDownClass()[pri:0, instance:com.tutorialsninja.qa.Runner.Runner_TestNG@3eb25e1a]" started-at="2024-06-09T12:28:02 EDT" name="tearDownClass" finished-at="2024-06-09T12:28:02 EDT" duration-ms="130" status="PASS">
          <reporter-output>
          </reporter-output>
        </test-method> <!-- tearDownClass -->
      </class> <!-- com.tutorialsninja.qa.Runner.Runner_TestNG -->
    </test> <!-- Default test -->
  </suite> <!-- Default suite -->
</testng-results>
